PERFLOG {"hostname":"centos_2","processId":33481,"time":1409902055831,"trace":"Start","counter":"initConnToWorker","cpu":0}
PERFLOG {"hostname":"centos_2","processId":33481,"time":1409902055841,"trace":"Start","counter":"initConnToWorker-sum","cpu":0}
PERFLOG {"hostname":"centos_2","processId":33481,"time":1409902055845,"trace":"End","counter":"initConnToWorker-sum","cpu":0}
PERFLOG {"hostname":"centos_2","processId":33481,"time":1409902055852,"trace":"Start","counter":"initConnToWorker-sqrt","cpu":0}
PERFLOG {"hostname":"centos_2","processId":33481,"time":1409902055856,"trace":"End","counter":"initConnToWorker-sqrt","cpu":0}
PERFLOG {"hostname":"centos_2","processId":33481,"time":1409902055864,"trace":"End","counter":"initConnToWorker","cpu":0}
PERFLOG {"hostname":"centos_2","processId":33481,"time":1409902076175,"trace":"Start","counter":"parseRequest","cpu":0}
PERFLOG {"hostname":"centos_2","processId":33481,"time":1409902076181,"trace":"Start","counter":"parseRequest","reqId":100,"cpu":0}
PERFLOG {"hostname":"centos_2","processId":33481,"time":1409902076186,"trace":"End","counter":"parseRequest","reqId":100,"cpu":0}
PERFLOG {"hostname":"centos_2","processId":33481,"time":1409902076187,"trace":"Start","counter":"parseRequest","reqId":101,"cpu":0}
PERFLOG {"hostname":"centos_2","processId":33481,"time":1409902076193,"trace":"End","counter":"parseRequest","reqId":101,"cpu":0}
PERFLOG {"hostname":"centos_2","processId":33481,"time":1409902076200,"trace":"Start","counter":"parseRequest","reqId":102,"cpu":0}
PERFLOG {"hostname":"centos_2","processId":33481,"time":1409902076205,"trace":"End","counter":"parseRequest","reqId":102,"cpu":0}
PERFLOG {"hostname":"centos_2","processId":33481,"time":1409902076211,"trace":"End","counter":"parseRequest","cpu":0}
PERFLOG {"hostname":"centos_2","processId":33481,"time":1409902076251,"trace":"Start","counter":"parseSumResult","cpu":0}
PERFLOG {"hostname":"centos_2","processId":33481,"time":1409902076255,"trace":"Start","counter":"parseSumResult","reqId":"100","cpu":0}
PERFLOG {"hostname":"centos_2","processId":33481,"time":1409902076260,"trace":"End","counter":"parseSumResult","reqId":"100","cpu":0}
PERFLOG {"hostname":"centos_2","processId":33481,"time":1409902076262,"trace":"End","counter":"parseSumResult","cpu":0}
PERFLOG {"hostname":"centos_2","processId":33481,"time":1409902076314,"trace":"Start","counter":"parseSqrtResult","cpu":0}
PERFLOG {"hostname":"centos_2","processId":33481,"time":1409902076316,"trace":"Start","counter":"parseSqrtResult","reqId":"100","cpu":0}
PERFLOG {"hostname":"centos_2","processId":33481,"time":1409902076324,"trace":"Start","counter":"sendBackToClient","reqId":"100","cpu":0}
PERFLOG {"hostname":"centos_2","processId":33481,"time":1409902076327,"trace":"End","counter":"sendBackToClient","reqId":"100","cpu":0}
PERFLOG {"hostname":"centos_2","processId":33481,"time":1409902076333,"trace":"End","counter":"parseSqrtResult","reqId":"100","cpu":0}
PERFLOG {"hostname":"centos_2","processId":33481,"time":1409902076334,"trace":"End","counter":"parseSqrtResult","cpu":0}
PERFLOG {"hostname":"centos_2","processId":33481,"time":1409902076336,"trace":"Start","counter":"parseSumResult","cpu":0}
PERFLOG {"hostname":"centos_2","processId":33481,"time":1409902076342,"trace":"Start","counter":"parseSumResult","reqId":"101","cpu":0}
PERFLOG {"hostname":"centos_2","processId":33481,"time":1409902076345,"trace":"End","counter":"parseSumResult","reqId":"101","cpu":0}
PERFLOG {"hostname":"centos_2","processId":33481,"time":1409902076349,"trace":"Start","counter":"parseSumResult","reqId":"102","cpu":0}
PERFLOG {"hostname":"centos_2","processId":33481,"time":1409902076354,"trace":"End","counter":"parseSumResult","reqId":"102","cpu":0}
PERFLOG {"hostname":"centos_2","processId":33481,"time":1409902076361,"trace":"End","counter":"parseSumResult","cpu":0}
PERFLOG {"hostname":"centos_2","processId":33481,"time":1409902076379,"trace":"Start","counter":"parseSqrtResult","cpu":0}
PERFLOG {"hostname":"centos_2","processId":33481,"time":1409902076379,"trace":"Start","counter":"parseSqrtResult","reqId":"101","cpu":0}
PERFLOG {"hostname":"centos_2","processId":33481,"time":1409902076386,"trace":"Start","counter":"sendBackToClient","reqId":"101","cpu":0}
PERFLOG {"hostname":"centos_2","processId":33481,"time":1409902076393,"trace":"End","counter":"sendBackToClient","reqId":"101","cpu":0}
PERFLOG {"hostname":"centos_2","processId":33481,"time":1409902076396,"trace":"End","counter":"parseSqrtResult","reqId":"101","cpu":0}
PERFLOG {"hostname":"centos_2","processId":33481,"time":1409902076405,"trace":"End","counter":"parseSqrtResult","cpu":0}
PERFLOG {"hostname":"centos_2","processId":33481,"time":1409902076429,"trace":"Start","counter":"parseSqrtResult","cpu":0}
PERFLOG {"hostname":"centos_2","processId":33481,"time":1409902076441,"trace":"Start","counter":"sendBackToClient","reqId":"102","cpu":0}
PERFLOG {"hostname":"centos_2","processId":33481,"time":1409902076440,"trace":"Start","counter":"parseSqrtResult","reqId":"102","cpu":0}
PERFLOG {"hostname":"centos_2","processId":33481,"time":1409902076445,"trace":"End","counter":"sendBackToClient","reqId":"102","cpu":0}
PERFLOG {"hostname":"centos_2","processId":33481,"time":1409902076447,"trace":"End","counter":"parseSqrtResult","reqId":"102","cpu":0}
PERFLOG {"hostname":"centos_2","processId":33481,"time":1409902076455,"trace":"End","counter":"parseSqrtResult","cpu":0}
PERFLOG {"hostname":"centos_2","processId":33481,"time":1409902150067,"trace":"Start","counter":"parseRequest","cpu":0}
PERFLOG {"hostname":"centos_2","processId":33481,"time":1409902150073,"trace":"Start","counter":"parseRequest","reqId":103,"cpu":0}
PERFLOG {"hostname":"centos_2","processId":33481,"time":1409902150074,"trace":"End","counter":"parseRequest","reqId":103,"cpu":0}
PERFLOG {"hostname":"centos_2","processId":33481,"time":1409902150075,"trace":"Start","counter":"parseRequest","reqId":104,"cpu":0}
PERFLOG {"hostname":"centos_2","processId":33481,"time":1409902150082,"trace":"End","counter":"parseRequest","reqId":104,"cpu":0}
PERFLOG {"hostname":"centos_2","processId":33481,"time":1409902150086,"trace":"Start","counter":"parseRequest","reqId":105,"cpu":0}
PERFLOG {"hostname":"centos_2","processId":33481,"time":1409902150091,"trace":"End","counter":"parseRequest","reqId":105,"cpu":0}
PERFLOG {"hostname":"centos_2","processId":33481,"time":1409902150096,"trace":"End","counter":"parseRequest","cpu":0}
PERFLOG {"hostname":"centos_2","processId":33481,"time":1409902150123,"trace":"Start","counter":"parseSumResult","cpu":0}
PERFLOG {"hostname":"centos_2","processId":33481,"time":1409902150132,"trace":"Start","counter":"parseSumResult","reqId":"103","cpu":0}
PERFLOG {"hostname":"centos_2","processId":33481,"time":1409902150145,"trace":"End","counter":"parseSumResult","reqId":"103","cpu":0}
PERFLOG {"hostname":"centos_2","processId":33481,"time":1409902150156,"trace":"End","counter":"parseSumResult","cpu":0}
PERFLOG {"hostname":"centos_2","processId":33481,"time":1409902150178,"trace":"Start","counter":"parseSqrtResult","cpu":0}
PERFLOG {"hostname":"centos_2","processId":33481,"time":1409902150185,"trace":"Start","counter":"parseSqrtResult","reqId":"103","cpu":0}
PERFLOG {"hostname":"centos_2","processId":33481,"time":1409902150189,"trace":"Start","counter":"sendBackToClient","reqId":"103","cpu":0}
PERFLOG {"hostname":"centos_2","processId":33481,"time":1409902150190,"trace":"End","counter":"sendBackToClient","reqId":"103","cpu":0}
PERFLOG {"hostname":"centos_2","processId":33481,"time":1409902150198,"trace":"End","counter":"parseSqrtResult","reqId":"103","cpu":0}
PERFLOG {"hostname":"centos_2","processId":33481,"time":1409902150203,"trace":"End","counter":"parseSqrtResult","cpu":0}
PERFLOG {"hostname":"centos_2","processId":33481,"time":1409902150209,"trace":"Start","counter":"parseSumResult","cpu":0}
PERFLOG {"hostname":"centos_2","processId":33481,"time":1409902150210,"trace":"Start","counter":"parseSumResult","reqId":"104","cpu":0}
PERFLOG {"hostname":"centos_2","processId":33481,"time":1409902150211,"trace":"End","counter":"parseSumResult","reqId":"104","cpu":0}
PERFLOG {"hostname":"centos_2","processId":33481,"time":1409902150213,"trace":"Start","counter":"parseSumResult","reqId":"105","cpu":0}
PERFLOG {"hostname":"centos_2","processId":33481,"time":1409902150220,"trace":"End","counter":"parseSumResult","reqId":"105","cpu":0}
PERFLOG {"hostname":"centos_2","processId":33481,"time":1409902150221,"trace":"End","counter":"parseSumResult","cpu":0}
PERFLOG {"hostname":"centos_2","processId":33481,"time":1409902150252,"trace":"Start","counter":"parseSqrtResult","cpu":0}
PERFLOG {"hostname":"centos_2","processId":33481,"time":1409902150259,"trace":"Start","counter":"parseSqrtResult","reqId":"104","cpu":0}
PERFLOG {"hostname":"centos_2","processId":33481,"time":1409902150266,"trace":"Start","counter":"sendBackToClient","reqId":"104","cpu":0}
PERFLOG {"hostname":"centos_2","processId":33481,"time":1409902150275,"trace":"End","counter":"sendBackToClient","reqId":"104","cpu":0}
PERFLOG {"hostname":"centos_2","processId":33481,"time":1409902150277,"trace":"End","counter":"parseSqrtResult","reqId":"104","cpu":0}
PERFLOG {"hostname":"centos_2","processId":33481,"time":1409902150282,"trace":"End","counter":"parseSqrtResult","cpu":0}
PERFLOG {"hostname":"centos_2","processId":33481,"time":1409902150290,"trace":"Start","counter":"parseSqrtResult","cpu":0}
PERFLOG {"hostname":"centos_2","processId":33481,"time":1409902150293,"trace":"Start","counter":"parseSqrtResult","reqId":"105","cpu":0}
PERFLOG {"hostname":"centos_2","processId":33481,"time":1409902150301,"trace":"Start","counter":"sendBackToClient","reqId":"105","cpu":0}
PERFLOG {"hostname":"centos_2","processId":33481,"time":1409902150306,"trace":"End","counter":"sendBackToClient","reqId":"105","cpu":0}
PERFLOG {"hostname":"centos_2","processId":33481,"time":1409902150315,"trace":"End","counter":"parseSqrtResult","reqId":"105","cpu":0}
PERFLOG {"hostname":"centos_2","processId":33481,"time":1409902150323,"trace":"End","counter":"parseSqrtResult","cpu":0}
PERFLOG {"hostname":"centos_2","processId":33481,"time":1409902166090,"trace":"Start","counter":"parseRequest","cpu":0}
PERFLOG {"hostname":"centos_2","processId":33481,"time":1409902166111,"trace":"Start","counter":"parseRequest","reqId":106,"cpu":0}
PERFLOG {"hostname":"centos_2","processId":33481,"time":1409902166120,"trace":"End","counter":"parseRequest","reqId":106,"cpu":0}
PERFLOG {"hostname":"centos_2","processId":33481,"time":1409902166133,"trace":"Start","counter":"parseRequest","reqId":107,"cpu":0}
PERFLOG {"hostname":"centos_2","processId":33481,"time":1409902166139,"trace":"End","counter":"parseRequest","reqId":107,"cpu":0}
PERFLOG {"hostname":"centos_2","processId":33481,"time":1409902166146,"trace":"Start","counter":"parseRequest","reqId":108,"cpu":0}
PERFLOG {"hostname":"centos_2","processId":33481,"time":1409902166158,"trace":"End","counter":"parseRequest","reqId":108,"cpu":0}
PERFLOG {"hostname":"centos_2","processId":33481,"time":1409902166170,"trace":"End","counter":"parseRequest","cpu":0}
PERFLOG {"hostname":"centos_2","processId":33481,"time":1409902166182,"trace":"Start","counter":"parseSumResult","cpu":0}
PERFLOG {"hostname":"centos_2","processId":33481,"time":1409902166190,"trace":"Start","counter":"parseSumResult","reqId":"106","cpu":0}
PERFLOG {"hostname":"centos_2","processId":33481,"time":1409902166195,"trace":"End","counter":"parseSumResult","reqId":"106","cpu":0}
PERFLOG {"hostname":"centos_2","processId":33481,"time":1409902166196,"trace":"End","counter":"parseSumResult","cpu":0}
PERFLOG {"hostname":"centos_2","processId":33481,"time":1409902166223,"trace":"Start","counter":"parseSqrtResult","cpu":0}
PERFLOG {"hostname":"centos_2","processId":33481,"time":1409902166229,"trace":"Start","counter":"parseSqrtResult","reqId":"106","cpu":0}
PERFLOG {"hostname":"centos_2","processId":33481,"time":1409902166233,"trace":"Start","counter":"sendBackToClient","reqId":"106","cpu":0}
PERFLOG {"hostname":"centos_2","processId":33481,"time":1409902166236,"trace":"End","counter":"sendBackToClient","reqId":"106","cpu":0}
PERFLOG {"hostname":"centos_2","processId":33481,"time":1409902166243,"trace":"End","counter":"parseSqrtResult","reqId":"106","cpu":0}
PERFLOG {"hostname":"centos_2","processId":33481,"time":1409902166254,"trace":"End","counter":"parseSqrtResult","cpu":0}
PERFLOG {"hostname":"centos_2","processId":33481,"time":1409902166260,"trace":"Start","counter":"parseSumResult","cpu":0}
PERFLOG {"hostname":"centos_2","processId":33481,"time":1409902166271,"trace":"Start","counter":"parseSumResult","reqId":"107","cpu":0}
PERFLOG {"hostname":"centos_2","processId":33481,"time":1409902166283,"trace":"End","counter":"parseSumResult","reqId":"107","cpu":0}
PERFLOG {"hostname":"centos_2","processId":33481,"time":1409902166288,"trace":"End","counter":"parseSumResult","reqId":"108","cpu":0}
PERFLOG {"hostname":"centos_2","processId":33481,"time":1409902166284,"trace":"Start","counter":"parseSumResult","reqId":"108","cpu":0}
PERFLOG {"hostname":"centos_2","processId":33481,"time":1409902166291,"trace":"End","counter":"parseSumResult","cpu":0}
PERFLOG {"hostname":"centos_2","processId":33481,"time":1409902166330,"trace":"Start","counter":"parseSqrtResult","cpu":0}
PERFLOG {"hostname":"centos_2","processId":33481,"time":1409902166338,"trace":"Start","counter":"parseSqrtResult","reqId":"107","cpu":0}
PERFLOG {"hostname":"centos_2","processId":33481,"time":1409902166340,"trace":"Start","counter":"sendBackToClient","reqId":"107","cpu":0}
PERFLOG {"hostname":"centos_2","processId":33481,"time":1409902166342,"trace":"End","counter":"sendBackToClient","reqId":"107","cpu":0}
PERFLOG {"hostname":"centos_2","processId":33481,"time":1409902166343,"trace":"End","counter":"parseSqrtResult","reqId":"107","cpu":0}
PERFLOG {"hostname":"centos_2","processId":33481,"time":1409902166344,"trace":"End","counter":"parseSqrtResult","cpu":0}
PERFLOG {"hostname":"centos_2","processId":33481,"time":1409902166349,"trace":"Start","counter":"parseSqrtResult","cpu":0}
PERFLOG {"hostname":"centos_2","processId":33481,"time":1409902166360,"trace":"Start","counter":"parseSqrtResult","reqId":"108","cpu":0}
PERFLOG {"hostname":"centos_2","processId":33481,"time":1409902166361,"trace":"Start","counter":"sendBackToClient","reqId":"108","cpu":0}
PERFLOG {"hostname":"centos_2","processId":33481,"time":1409902166370,"trace":"End","counter":"sendBackToClient","reqId":"108","cpu":0}
PERFLOG {"hostname":"centos_2","processId":33481,"time":1409902166380,"trace":"End","counter":"parseSqrtResult","reqId":"108","cpu":0}
PERFLOG {"hostname":"centos_2","processId":33481,"time":1409902166388,"trace":"End","counter":"parseSqrtResult","cpu":0}
