PERFLOG {"hostname":"centos_2","processId":33479,"time":1409902076267,"trace":"Start","counter":"processRequests","cpu":0}
PERFLOG {"hostname":"centos_2","processId":33479,"time":1409902076282,"trace":"Start","counter":"processRequests","reqId":"100:","cpu":0}
PERFLOG {"hostname":"centos_2","processId":33479,"time":1409902076292,"trace":"Start","counter":"doSqrt","cpu":0}
PERFLOG {"hostname":"centos_2","processId":33479,"time":1409902076297,"trace":"End","counter":"doSqrt","cpu":0}
PERFLOG {"hostname":"centos_2","processId":33479,"time":1409902076300,"trace":"End","counter":"processRequests","reqId":"100:","cpu":0}
PERFLOG {"hostname":"centos_2","processId":33479,"time":1409902076305,"trace":"End","counter":"processRequests","cpu":0}
PERFLOG {"hostname":"centos_2","processId":33479,"time":1409902076350,"trace":"Start","counter":"processRequests","cpu":0}
PERFLOG {"hostname":"centos_2","processId":33479,"time":1409902076350,"trace":"Start","counter":"processRequests","reqId":"101:","cpu":0}
PERFLOG {"hostname":"centos_2","processId":33479,"time":1409902076361,"trace":"Start","counter":"doSqrt","cpu":0}
PERFLOG {"hostname":"centos_2","processId":33479,"time":1409902076365,"trace":"End","counter":"doSqrt","cpu":0}
PERFLOG {"hostname":"centos_2","processId":33479,"time":1409902076370,"trace":"End","counter":"processRequests","reqId":"101:","cpu":0}
PERFLOG {"hostname":"centos_2","processId":33479,"time":1409902076378,"trace":"End","counter":"processRequests","cpu":0}
PERFLOG {"hostname":"centos_2","processId":33479,"time":1409902076381,"trace":"Start","counter":"processRequests","cpu":0}
PERFLOG {"hostname":"centos_2","processId":33479,"time":1409902076386,"trace":"Start","counter":"processRequests","reqId":"102:","cpu":0}
PERFLOG {"hostname":"centos_2","processId":33479,"time":1409902076394,"trace":"Start","counter":"doSqrt","cpu":0}
PERFLOG {"hostname":"centos_2","processId":33479,"time":1409902076402,"trace":"End","counter":"doSqrt","cpu":0}
PERFLOG {"hostname":"centos_2","processId":33479,"time":1409902076405,"trace":"End","counter":"processRequests","reqId":"102:","cpu":0}
PERFLOG {"hostname":"centos_2","processId":33479,"time":1409902076411,"trace":"End","counter":"processRequests","cpu":0}
PERFLOG {"hostname":"centos_2","processId":33479,"time":1409902150142,"trace":"Start","counter":"processRequests","cpu":0}
PERFLOG {"hostname":"centos_2","processId":33479,"time":1409902150151,"trace":"Start","counter":"processRequests","reqId":"103:","cpu":0}
PERFLOG {"hostname":"centos_2","processId":33479,"time":1409902150154,"trace":"Start","counter":"doSqrt","cpu":0}
PERFLOG {"hostname":"centos_2","processId":33479,"time":1409902150158,"trace":"End","counter":"doSqrt","cpu":0}
PERFLOG {"hostname":"centos_2","processId":33479,"time":1409902150162,"trace":"End","counter":"processRequests","reqId":"103:","cpu":0}
PERFLOG {"hostname":"centos_2","processId":33479,"time":1409902150171,"trace":"End","counter":"processRequests","cpu":0}
PERFLOG {"hostname":"centos_2","processId":33479,"time":1409902150219,"trace":"Start","counter":"processRequests","cpu":0}
PERFLOG {"hostname":"centos_2","processId":33479,"time":1409902150225,"trace":"Start","counter":"processRequests","reqId":"104:","cpu":0}
PERFLOG {"hostname":"centos_2","processId":33479,"time":1409902150227,"trace":"Start","counter":"doSqrt","cpu":0}
PERFLOG {"hostname":"centos_2","processId":33479,"time":1409902150231,"trace":"End","counter":"doSqrt","cpu":0}
PERFLOG {"hostname":"centos_2","processId":33479,"time":1409902150237,"trace":"End","counter":"processRequests","reqId":"104:","cpu":0}
PERFLOG {"hostname":"centos_2","processId":33479,"time":1409902150245,"trace":"End","counter":"processRequests","cpu":0}
PERFLOG {"hostname":"centos_2","processId":33479,"time":1409902150254,"trace":"Start","counter":"processRequests","cpu":0}
PERFLOG {"hostname":"centos_2","processId":33479,"time":1409902150264,"trace":"Start","counter":"processRequests","reqId":"105:","cpu":0}
PERFLOG {"hostname":"centos_2","processId":33479,"time":1409902150270,"trace":"Start","counter":"doSqrt","cpu":0}
PERFLOG {"hostname":"centos_2","processId":33479,"time":1409902150275,"trace":"End","counter":"doSqrt","cpu":0}
PERFLOG {"hostname":"centos_2","processId":33479,"time":1409902150277,"trace":"End","counter":"processRequests","reqId":"105:","cpu":0}
PERFLOG {"hostname":"centos_2","processId":33479,"time":1409902150284,"trace":"End","counter":"processRequests","cpu":0}
PERFLOG {"hostname":"centos_2","processId":33479,"time":1409902166193,"trace":"Start","counter":"processRequests","cpu":0}
PERFLOG {"hostname":"centos_2","processId":33479,"time":1409902166197,"trace":"Start","counter":"processRequests","reqId":"106:","cpu":0}
PERFLOG {"hostname":"centos_2","processId":33479,"time":1409902166204,"trace":"Start","counter":"doSqrt","cpu":0}
PERFLOG {"hostname":"centos_2","processId":33479,"time":1409902166208,"trace":"End","counter":"doSqrt","cpu":0}
PERFLOG {"hostname":"centos_2","processId":33479,"time":1409902166217,"trace":"End","counter":"processRequests","reqId":"106:","cpu":0}
PERFLOG {"hostname":"centos_2","processId":33479,"time":1409902166218,"trace":"End","counter":"processRequests","cpu":0}
PERFLOG {"hostname":"centos_2","processId":33479,"time":1409902166272,"trace":"Start","counter":"processRequests","cpu":0}
PERFLOG {"hostname":"centos_2","processId":33479,"time":1409902166284,"trace":"Start","counter":"processRequests","reqId":"107:","cpu":0}
PERFLOG {"hostname":"centos_2","processId":33479,"time":1409902166292,"trace":"Start","counter":"doSqrt","cpu":0}
PERFLOG {"hostname":"centos_2","processId":33479,"time":1409902166304,"trace":"End","counter":"doSqrt","cpu":0}
PERFLOG {"hostname":"centos_2","processId":33479,"time":1409902166310,"trace":"End","counter":"processRequests","reqId":"107:","cpu":0}
PERFLOG {"hostname":"centos_2","processId":33479,"time":1409902166322,"trace":"End","counter":"processRequests","cpu":0}
PERFLOG {"hostname":"centos_2","processId":33479,"time":1409902166330,"trace":"Start","counter":"processRequests","cpu":0}
PERFLOG {"hostname":"centos_2","processId":33479,"time":1409902166338,"trace":"Start","counter":"processRequests","reqId":"108:","cpu":0}
PERFLOG {"hostname":"centos_2","processId":33479,"time":1409902166341,"trace":"Start","counter":"doSqrt","cpu":0}
PERFLOG {"hostname":"centos_2","processId":33479,"time":1409902166344,"trace":"End","counter":"doSqrt","cpu":0}
PERFLOG {"hostname":"centos_2","processId":33479,"time":1409902166345,"trace":"End","counter":"processRequests","reqId":"108:","cpu":0}
PERFLOG {"hostname":"centos_2","processId":33479,"time":1409902166346,"trace":"End","counter":"processRequests","cpu":0}
