PERFLOG {"hostname":"centos_2","processId":33477,"time":1409902076201,"trace":"Start","counter":"processRequests","cpu":0}
PERFLOG {"hostname":"centos_2","processId":33477,"time":1409902076215,"trace":"Start","counter":"processRequest","reqId":"100","cpu":0}
PERFLOG {"hostname":"centos_2","processId":33477,"time":1409902076223,"trace":"Start","counter":"doSum","reqId":"100","cpu":0}
PERFLOG {"hostname":"centos_2","processId":33477,"time":1409902076233,"trace":"End","counter":"doSum","reqId":"100","cpu":0}
PERFLOG {"hostname":"centos_2","processId":33477,"time":1409902076240,"trace":"End","counter":"processRequest","reqId":"100","cpu":0}
PERFLOG {"hostname":"centos_2","processId":33477,"time":1409902076246,"trace":"End","counter":"processRequests","cpu":0}
PERFLOG {"hostname":"centos_2","processId":33477,"time":1409902076251,"trace":"Start","counter":"processRequests","cpu":0}
PERFLOG {"hostname":"centos_2","processId":33477,"time":1409902076260,"trace":"Start","counter":"processRequest","reqId":"101","cpu":0}
PERFLOG {"hostname":"centos_2","processId":33477,"time":1409902076271,"trace":"Start","counter":"doSum","reqId":"101","cpu":0}
PERFLOG {"hostname":"centos_2","processId":33477,"time":1409902076277,"trace":"End","counter":"doSum","reqId":"101","cpu":0}
PERFLOG {"hostname":"centos_2","processId":33477,"time":1409902076279,"trace":"End","counter":"processRequest","reqId":"101","cpu":0}
PERFLOG {"hostname":"centos_2","processId":33477,"time":1409902076288,"trace":"Start","counter":"processRequest","reqId":"102","cpu":0}
PERFLOG {"hostname":"centos_2","processId":33477,"time":1409902076296,"trace":"Start","counter":"doSum","reqId":"102","cpu":0}
PERFLOG {"hostname":"centos_2","processId":33477,"time":1409902076297,"trace":"End","counter":"doSum","reqId":"102","cpu":0}
PERFLOG {"hostname":"centos_2","processId":33477,"time":1409902076300,"trace":"End","counter":"processRequest","reqId":"102","cpu":0}
PERFLOG {"hostname":"centos_2","processId":33477,"time":1409902076311,"trace":"End","counter":"processRequests","cpu":0}
PERFLOG {"hostname":"centos_2","processId":33477,"time":1409902150083,"trace":"Start","counter":"processRequests","cpu":0}
PERFLOG {"hostname":"centos_2","processId":33477,"time":1409902150094,"trace":"Start","counter":"processRequest","reqId":"103","cpu":0}
PERFLOG {"hostname":"centos_2","processId":33477,"time":1409902150105,"trace":"Start","counter":"doSum","reqId":"103","cpu":0}
PERFLOG {"hostname":"centos_2","processId":33477,"time":1409902150114,"trace":"End","counter":"doSum","reqId":"103","cpu":0}
PERFLOG {"hostname":"centos_2","processId":33477,"time":1409902150117,"trace":"End","counter":"processRequest","reqId":"103","cpu":0}
PERFLOG {"hostname":"centos_2","processId":33477,"time":1409902150119,"trace":"End","counter":"processRequests","cpu":0}
PERFLOG {"hostname":"centos_2","processId":33477,"time":1409902150126,"trace":"Start","counter":"processRequests","cpu":0}
PERFLOG {"hostname":"centos_2","processId":33477,"time":1409902150130,"trace":"Start","counter":"processRequest","reqId":"104","cpu":0}
PERFLOG {"hostname":"centos_2","processId":33477,"time":1409902150140,"trace":"Start","counter":"doSum","reqId":"104","cpu":0}
PERFLOG {"hostname":"centos_2","processId":33477,"time":1409902150146,"trace":"End","counter":"doSum","reqId":"104","cpu":0}
PERFLOG {"hostname":"centos_2","processId":33477,"time":1409902150153,"trace":"End","counter":"processRequest","reqId":"104","cpu":0}
PERFLOG {"hostname":"centos_2","processId":33477,"time":1409902150158,"trace":"Start","counter":"processRequest","reqId":"105","cpu":0}
PERFLOG {"hostname":"centos_2","processId":33477,"time":1409902150167,"trace":"Start","counter":"doSum","reqId":"105","cpu":0}
PERFLOG {"hostname":"centos_2","processId":33477,"time":1409902150173,"trace":"End","counter":"doSum","reqId":"105","cpu":0}
PERFLOG {"hostname":"centos_2","processId":33477,"time":1409902150184,"trace":"End","counter":"processRequest","reqId":"105","cpu":0}
PERFLOG {"hostname":"centos_2","processId":33477,"time":1409902150185,"trace":"End","counter":"processRequests","cpu":0}
PERFLOG {"hostname":"centos_2","processId":33477,"time":1409902166134,"trace":"Start","counter":"processRequests","cpu":0}
PERFLOG {"hostname":"centos_2","processId":33477,"time":1409902166148,"trace":"Start","counter":"processRequest","reqId":"106","cpu":0}
PERFLOG {"hostname":"centos_2","processId":33477,"time":1409902166152,"trace":"Start","counter":"doSum","reqId":"106","cpu":0}
PERFLOG {"hostname":"centos_2","processId":33477,"time":1409902166162,"trace":"End","counter":"doSum","reqId":"106","cpu":0}
PERFLOG {"hostname":"centos_2","processId":33477,"time":1409902166167,"trace":"End","counter":"processRequest","reqId":"106","cpu":0}
PERFLOG {"hostname":"centos_2","processId":33477,"time":1409902166177,"trace":"End","counter":"processRequests","cpu":0}
PERFLOG {"hostname":"centos_2","processId":33477,"time":1409902166189,"trace":"Start","counter":"processRequests","cpu":0}
PERFLOG {"hostname":"centos_2","processId":33477,"time":1409902166199,"trace":"Start","counter":"processRequest","reqId":"107","cpu":0}
PERFLOG {"hostname":"centos_2","processId":33477,"time":1409902166207,"trace":"Start","counter":"doSum","reqId":"107","cpu":0}
PERFLOG {"hostname":"centos_2","processId":33477,"time":1409902166209,"trace":"End","counter":"doSum","reqId":"107","cpu":0}
PERFLOG {"hostname":"centos_2","processId":33477,"time":1409902166210,"trace":"End","counter":"processRequest","reqId":"107","cpu":0}
PERFLOG {"hostname":"centos_2","processId":33477,"time":1409902166215,"trace":"Start","counter":"processRequest","reqId":"108","cpu":0}
PERFLOG {"hostname":"centos_2","processId":33477,"time":1409902166221,"trace":"Start","counter":"doSum","reqId":"108","cpu":0}
PERFLOG {"hostname":"centos_2","processId":33477,"time":1409902166223,"trace":"End","counter":"doSum","reqId":"108","cpu":0}
PERFLOG {"hostname":"centos_2","processId":33477,"time":1409902166234,"trace":"End","counter":"processRequest","reqId":"108","cpu":0}
PERFLOG {"hostname":"centos_2","processId":33477,"time":1409902166234,"trace":"End","counter":"processRequests","cpu":0}
